ERROR - 2023-04-24 21:42:23 --> Error connecting to the database: mysqli_sql_exception: Unknown database 'ci4' in C:\wamp64\www\test_consulting\system\Database\MySQLi\Connection.php:174
Stack trace:
#0 C:\wamp64\www\test_consulting\system\Database\MySQLi\Connection.php(174): mysqli->real_connect('localhost', 'root', '', 'ci4', 3306, '', 0)
#1 C:\wamp64\www\test_consulting\system\Database\BaseConnection.php(391): CodeIgniter\Database\MySQLi\Connection->connect(false)
#2 C:\wamp64\www\test_consulting\system\Database\BaseConnection.php(573): CodeIgniter\Database\BaseConnection->initialize()
#3 C:\wamp64\www\test_consulting\system\Database\BaseBuilder.php(1616): CodeIgniter\Database\BaseConnection->query('SELECT *\nFROM `...', Array, false)
#4 C:\wamp64\www\test_consulting\system\Model.php(241): CodeIgniter\Database\BaseBuilder->get()
#5 C:\wamp64\www\test_consulting\system\BaseModel.php(618): CodeIgniter\Model->doFindAll(0, 0)
#6 C:\wamp64\www\test_consulting\app\Controllers\Empleados.php(10): CodeIgniter\BaseModel->findAll()
#7 C:\wamp64\www\test_consulting\system\CodeIgniter.php(934): App\Controllers\Empleados->index()
#8 C:\wamp64\www\test_consulting\system\CodeIgniter.php(499): CodeIgniter\CodeIgniter->runController(Object(App\Controllers\Empleados))
#9 C:\wamp64\www\test_consulting\system\CodeIgniter.php(368): CodeIgniter\CodeIgniter->handleRequest(NULL, Object(Config\Cache), false)
#10 C:\wamp64\www\test_consulting\public\index.php(67): CodeIgniter\CodeIgniter->run()
#11 C:\wamp64\www\test_consulting\system\Commands\Server\rewrite.php(47): require_once('C:\\wamp64\\www\\t...')
#12 {main}

Next CodeIgniter\Database\Exceptions\DatabaseException: Unknown database 'ci4' in C:\wamp64\www\test_consulting\system\Database\MySQLi\Connection.php:218
Stack trace:
#0 C:\wamp64\www\test_consulting\system\Database\BaseConnection.php(391): CodeIgniter\Database\MySQLi\Connection->connect(false)
#1 C:\wamp64\www\test_consulting\system\Database\BaseConnection.php(573): CodeIgniter\Database\BaseConnection->initialize()
#2 C:\wamp64\www\test_consulting\system\Database\BaseBuilder.php(1616): CodeIgniter\Database\BaseConnection->query('SELECT *\nFROM `...', Array, false)
#3 C:\wamp64\www\test_consulting\system\Model.php(241): CodeIgniter\Database\BaseBuilder->get()
#4 C:\wamp64\www\test_consulting\system\BaseModel.php(618): CodeIgniter\Model->doFindAll(0, 0)
#5 C:\wamp64\www\test_consulting\app\Controllers\Empleados.php(10): CodeIgniter\BaseModel->findAll()
#6 C:\wamp64\www\test_consulting\system\CodeIgniter.php(934): App\Controllers\Empleados->index()
#7 C:\wamp64\www\test_consulting\system\CodeIgniter.php(499): CodeIgniter\CodeIgniter->runController(Object(App\Controllers\Empleados))
#8 C:\wamp64\www\test_consulting\system\CodeIgniter.php(368): CodeIgniter\CodeIgniter->handleRequest(NULL, Object(Config\Cache), false)
#9 C:\wamp64\www\test_consulting\public\index.php(67): CodeIgniter\CodeIgniter->run()
#10 C:\wamp64\www\test_consulting\system\Commands\Server\rewrite.php(47): require_once('C:\\wamp64\\www\\t...')
#11 {main}
CRITICAL - 2023-04-24 21:42:23 --> Unable to connect to the database.
Main connection [MySQLi]: Unknown database 'ci4'
in SYSTEMPATH\Database\BaseConnection.php on line 427.
 1 SYSTEMPATH\Database\BaseConnection.php(573): CodeIgniter\Database\BaseConnection->initialize()
 2 SYSTEMPATH\Database\BaseBuilder.php(1616): CodeIgniter\Database\BaseConnection->query('SELECT *
FROM `empleados`
ORDER BY `id` DESC', [], false)
 3 SYSTEMPATH\Model.php(241): CodeIgniter\Database\BaseBuilder->get()
 4 SYSTEMPATH\BaseModel.php(618): CodeIgniter\Model->doFindAll(0, 0)
 5 APPPATH\Controllers\Empleados.php(10): CodeIgniter\BaseModel->findAll()
 6 SYSTEMPATH\CodeIgniter.php(934): App\Controllers\Empleados->index()
 7 SYSTEMPATH\CodeIgniter.php(499): CodeIgniter\CodeIgniter->runController(Object(App\Controllers\Empleados))
 8 SYSTEMPATH\CodeIgniter.php(368): CodeIgniter\CodeIgniter->handleRequest(null, Object(Config\Cache), false)
 9 FCPATH\index.php(67): CodeIgniter\CodeIgniter->run()
10 SYSTEMPATH\Commands\Server\rewrite.php(47): require_once('C:\\wamp64\\www\\test_consulting\\public\\index.php')
CRITICAL - 2023-04-24 21:57:57 --> Invalid file: "edit_empleado.php"
in SYSTEMPATH\Exceptions\FrameworkException.php on line 33.
 1 SYSTEMPATH\View\View.php(201): CodeIgniter\Exceptions\FrameworkException::forInvalidFile('edit_empleado.php')
 2 SYSTEMPATH\Common.php(1184): CodeIgniter\View\View->render('edit_empleado', [], true)
 3 APPPATH\Controllers\Empleados.php(38): view('edit_empleado', [...])
 4 SYSTEMPATH\CodeIgniter.php(934): App\Controllers\Empleados->singleUser('1')
 5 SYSTEMPATH\CodeIgniter.php(499): CodeIgniter\CodeIgniter->runController(Object(App\Controllers\Empleados))
 6 SYSTEMPATH\CodeIgniter.php(368): CodeIgniter\CodeIgniter->handleRequest(null, Object(Config\Cache), false)
 7 FCPATH\index.php(67): CodeIgniter\CodeIgniter->run()
 8 SYSTEMPATH\Commands\Server\rewrite.php(47): require_once('C:\\wamp64\\www\\test_consulting\\public\\index.php')
CRITICAL - 2023-04-24 22:23:04 --> Undefined variable: empleados
in APPPATH\Controllers\Empleados.php on line 23.
 1 APPPATH\Controllers\Empleados.php(23): CodeIgniter\Debug\Exceptions->errorHandler(8, 'Undefined variable: empleados', 'C:\\wamp64\\www\\test_consulting\\app\\Controllers\\Empleados.php', 23, [...])
 2 SYSTEMPATH\CodeIgniter.php(934): App\Controllers\Empleados->create()
 3 SYSTEMPATH\CodeIgniter.php(499): CodeIgniter\CodeIgniter->runController(Object(App\Controllers\Empleados))
 4 SYSTEMPATH\CodeIgniter.php(368): CodeIgniter\CodeIgniter->handleRequest(null, Object(Config\Cache), false)
 5 FCPATH\index.php(67): CodeIgniter\CodeIgniter->run()
 6 SYSTEMPATH\Commands\Server\rewrite.php(47): require_once('C:\\wamp64\\www\\test_consulting\\public\\index.php')
ERROR - 2023-04-24 22:23:32 --> mysqli_sql_exception: Table 'test_integrity.areas' doesn't exist in C:\wamp64\www\test_consulting\system\Database\MySQLi\Connection.php:295
Stack trace:
#0 C:\wamp64\www\test_consulting\system\Database\MySQLi\Connection.php(295): mysqli->query('SELECT *\nFROM `...', 0)
#1 C:\wamp64\www\test_consulting\system\Database\BaseConnection.php(691): CodeIgniter\Database\MySQLi\Connection->execute('SELECT *\nFROM `...')
#2 C:\wamp64\www\test_consulting\system\Database\BaseConnection.php(605): CodeIgniter\Database\BaseConnection->simpleQuery('SELECT *\nFROM `...')
#3 C:\wamp64\www\test_consulting\system\Database\BaseBuilder.php(1616): CodeIgniter\Database\BaseConnection->query('SELECT *\nFROM `...', Array, false)
#4 C:\wamp64\www\test_consulting\system\Model.php(241): CodeIgniter\Database\BaseBuilder->get()
#5 C:\wamp64\www\test_consulting\system\BaseModel.php(618): CodeIgniter\Model->doFindAll(0, 0)
#6 C:\wamp64\www\test_consulting\app\Controllers\Empleados.php(23): CodeIgniter\BaseModel->findAll()
#7 C:\wamp64\www\test_consulting\system\CodeIgniter.php(934): App\Controllers\Empleados->create()
#8 C:\wamp64\www\test_consulting\system\CodeIgniter.php(499): CodeIgniter\CodeIgniter->runController(Object(App\Controllers\Empleados))
#9 C:\wamp64\www\test_consulting\system\CodeIgniter.php(368): CodeIgniter\CodeIgniter->handleRequest(NULL, Object(Config\Cache), false)
#10 C:\wamp64\www\test_consulting\public\index.php(67): CodeIgniter\CodeIgniter->run()
#11 C:\wamp64\www\test_consulting\system\Commands\Server\rewrite.php(47): require_once('C:\\wamp64\\www\\t...')
#12 {main}
CRITICAL - 2023-04-24 22:23:32 --> Table 'test_integrity.areas' doesn't exist
in SYSTEMPATH\Database\MySQLi\Connection.php on line 295.
 1 SYSTEMPATH\Database\MySQLi\Connection.php(295): mysqli->query('SELECT *
FROM `areas`
ORDER BY `id` DESC', 0)
 2 SYSTEMPATH\Database\BaseConnection.php(691): CodeIgniter\Database\MySQLi\Connection->execute('SELECT *
FROM `areas`
ORDER BY `id` DESC')
 3 SYSTEMPATH\Database\BaseConnection.php(605): CodeIgniter\Database\BaseConnection->simpleQuery('SELECT *
FROM `areas`
ORDER BY `id` DESC')
 4 SYSTEMPATH\Database\BaseBuilder.php(1616): CodeIgniter\Database\BaseConnection->query('SELECT *
FROM `areas`
ORDER BY `id` DESC', [], false)
 5 SYSTEMPATH\Model.php(241): CodeIgniter\Database\BaseBuilder->get()
 6 SYSTEMPATH\BaseModel.php(618): CodeIgniter\Model->doFindAll(0, 0)
 7 APPPATH\Controllers\Empleados.php(23): CodeIgniter\BaseModel->findAll()
 8 SYSTEMPATH\CodeIgniter.php(934): App\Controllers\Empleados->create()
 9 SYSTEMPATH\CodeIgniter.php(499): CodeIgniter\CodeIgniter->runController(Object(App\Controllers\Empleados))
10 SYSTEMPATH\CodeIgniter.php(368): CodeIgniter\CodeIgniter->handleRequest(null, Object(Config\Cache), false)
11 FCPATH\index.php(67): CodeIgniter\CodeIgniter->run()
12 SYSTEMPATH\Commands\Server\rewrite.php(47): require_once('C:\\wamp64\\www\\test_consulting\\public\\index.php')
CRITICAL - 2023-04-24 23:08:26 --> Undefined variable: areas
in APPPATH\Views\empleados\add.php on line 43.
 1 APPPATH\Views\empleados\add.php(43): CodeIgniter\Debug\Exceptions->errorHandler(8, 'Undefined variable: areas', 'C:\\wamp64\\www\\test_consulting\\app\\Views\\empleados\\add.php', 43, [...])
 2 SYSTEMPATH\View\View.php(213): include('C:\\wamp64\\www\\test_consulting\\app\\Views\\empleados\\add.php')
 3 SYSTEMPATH\View\View.php(216): CodeIgniter\View\View->CodeIgniter\View\{closure}()
 4 SYSTEMPATH\Common.php(1184): CodeIgniter\View\View->render('empleados/add', [], true)
 5 APPPATH\Controllers\Empleados.php(28): view('empleados/add', [...])
 6 SYSTEMPATH\CodeIgniter.php(934): App\Controllers\Empleados->create()
 7 SYSTEMPATH\CodeIgniter.php(499): CodeIgniter\CodeIgniter->runController(Object(App\Controllers\Empleados))
 8 SYSTEMPATH\CodeIgniter.php(368): CodeIgniter\CodeIgniter->handleRequest(null, Object(Config\Cache), false)
 9 FCPATH\index.php(67): CodeIgniter\CodeIgniter->run()
10 SYSTEMPATH\Commands\Server\rewrite.php(47): require_once('C:\\wamp64\\www\\test_consulting\\public\\index.php')
CRITICAL - 2023-04-24 23:08:45 --> Undefined variable: areas
in APPPATH\Views\empleados\add.php on line 43.
 1 APPPATH\Views\empleados\add.php(43): CodeIgniter\Debug\Exceptions->errorHandler(8, 'Undefined variable: areas', 'C:\\wamp64\\www\\test_consulting\\app\\Views\\empleados\\add.php', 43, [...])
 2 SYSTEMPATH\View\View.php(213): include('C:\\wamp64\\www\\test_consulting\\app\\Views\\empleados\\add.php')
 3 SYSTEMPATH\View\View.php(216): CodeIgniter\View\View->CodeIgniter\View\{closure}()
 4 SYSTEMPATH\Common.php(1184): CodeIgniter\View\View->render('empleados/add', [], true)
 5 APPPATH\Controllers\Empleados.php(28): view('empleados/add', [...])
 6 SYSTEMPATH\CodeIgniter.php(934): App\Controllers\Empleados->create()
 7 SYSTEMPATH\CodeIgniter.php(499): CodeIgniter\CodeIgniter->runController(Object(App\Controllers\Empleados))
 8 SYSTEMPATH\CodeIgniter.php(368): CodeIgniter\CodeIgniter->handleRequest(null, Object(Config\Cache), false)
 9 FCPATH\index.php(67): CodeIgniter\CodeIgniter->run()
10 SYSTEMPATH\Commands\Server\rewrite.php(47): require_once('C:\\wamp64\\www\\test_consulting\\public\\index.php')
CRITICAL - 2023-04-24 23:48:13 --> Undefined property: App\Controllers\Empleados::$input
in APPPATH\Controllers\Empleados.php on line 70.
 1 APPPATH\Controllers\Empleados.php(70): CodeIgniter\Debug\Exceptions->errorHandler(8, 'Undefined property: App\\Controllers\\Empleados::$input', 'C:\\wamp64\\www\\test_consulting\\app\\Controllers\\Empleados.php', 70, [])
 2 SYSTEMPATH\CodeIgniter.php(934): App\Controllers\Empleados->get_email()
 3 SYSTEMPATH\CodeIgniter.php(499): CodeIgniter\CodeIgniter->runController(Object(App\Controllers\Empleados))
 4 SYSTEMPATH\CodeIgniter.php(368): CodeIgniter\CodeIgniter->handleRequest(null, Object(Config\Cache), false)
 5 FCPATH\index.php(67): CodeIgniter\CodeIgniter->run()
 6 SYSTEMPATH\Commands\Server\rewrite.php(47): require_once('C:\\wamp64\\www\\test_consulting\\public\\index.php')
CRITICAL - 2023-04-24 23:49:13 --> Undefined property: App\Controllers\Empleados::$input
in APPPATH\Controllers\Empleados.php on line 70.
 1 APPPATH\Controllers\Empleados.php(70): CodeIgniter\Debug\Exceptions->errorHandler(8, 'Undefined property: App\\Controllers\\Empleados::$input', 'C:\\wamp64\\www\\test_consulting\\app\\Controllers\\Empleados.php', 70, [])
 2 SYSTEMPATH\CodeIgniter.php(934): App\Controllers\Empleados->get_email()
 3 SYSTEMPATH\CodeIgniter.php(499): CodeIgniter\CodeIgniter->runController(Object(App\Controllers\Empleados))
 4 SYSTEMPATH\CodeIgniter.php(368): CodeIgniter\CodeIgniter->handleRequest(null, Object(Config\Cache), false)
 5 FCPATH\index.php(67): CodeIgniter\CodeIgniter->run()
 6 SYSTEMPATH\Commands\Server\rewrite.php(47): require_once('C:\\wamp64\\www\\test_consulting\\public\\index.php')
CRITICAL - 2023-04-24 23:49:42 --> Undefined property: App\Controllers\Empleados::$input
in APPPATH\Controllers\Empleados.php on line 70.
 1 APPPATH\Controllers\Empleados.php(70): CodeIgniter\Debug\Exceptions->errorHandler(8, 'Undefined property: App\\Controllers\\Empleados::$input', 'C:\\wamp64\\www\\test_consulting\\app\\Controllers\\Empleados.php', 70, [])
 2 SYSTEMPATH\CodeIgniter.php(934): App\Controllers\Empleados->get_email()
 3 SYSTEMPATH\CodeIgniter.php(499): CodeIgniter\CodeIgniter->runController(Object(App\Controllers\Empleados))
 4 SYSTEMPATH\CodeIgniter.php(368): CodeIgniter\CodeIgniter->handleRequest(null, Object(Config\Cache), false)
 5 FCPATH\index.php(67): CodeIgniter\CodeIgniter->run()
 6 SYSTEMPATH\Commands\Server\rewrite.php(47): require_once('C:\\wamp64\\www\\test_consulting\\public\\index.php')
CRITICAL - 2023-04-24 23:51:26 --> Undefined property: App\Controllers\Empleados::$input
in APPPATH\Controllers\Empleados.php on line 70.
 1 APPPATH\Controllers\Empleados.php(70): CodeIgniter\Debug\Exceptions->errorHandler(8, 'Undefined property: App\\Controllers\\Empleados::$input', 'C:\\wamp64\\www\\test_consulting\\app\\Controllers\\Empleados.php', 70, [])
 2 SYSTEMPATH\CodeIgniter.php(934): App\Controllers\Empleados->get_email()
 3 SYSTEMPATH\CodeIgniter.php(499): CodeIgniter\CodeIgniter->runController(Object(App\Controllers\Empleados))
 4 SYSTEMPATH\CodeIgniter.php(368): CodeIgniter\CodeIgniter->handleRequest(null, Object(Config\Cache), false)
 5 FCPATH\index.php(67): CodeIgniter\CodeIgniter->run()
 6 SYSTEMPATH\Commands\Server\rewrite.php(47): require_once('C:\\wamp64\\www\\test_consulting\\public\\index.php')
CRITICAL - 2023-04-24 23:55:30 --> Too few arguments to function App\Controllers\Empleados::get_email(), 0 passed in C:\wamp64\www\test_consulting\system\CodeIgniter.php on line 934 and exactly 1 expected
in APPPATH\Controllers\Empleados.php on line 68.
 1 SYSTEMPATH\CodeIgniter.php(934): App\Controllers\Empleados->get_email()
 2 SYSTEMPATH\CodeIgniter.php(499): CodeIgniter\CodeIgniter->runController(Object(App\Controllers\Empleados))
 3 SYSTEMPATH\CodeIgniter.php(368): CodeIgniter\CodeIgniter->handleRequest(null, Object(Config\Cache), false)
 4 FCPATH\index.php(67): CodeIgniter\CodeIgniter->run()
 5 SYSTEMPATH\Commands\Server\rewrite.php(47): require_once('C:\\wamp64\\www\\test_consulting\\public\\index.php')
CRITICAL - 2023-04-24 23:56:29 --> Too few arguments to function App\Controllers\Empleados::get_email(), 0 passed in C:\wamp64\www\test_consulting\system\CodeIgniter.php on line 934 and exactly 1 expected
in APPPATH\Controllers\Empleados.php on line 68.
 1 SYSTEMPATH\CodeIgniter.php(934): App\Controllers\Empleados->get_email()
 2 SYSTEMPATH\CodeIgniter.php(499): CodeIgniter\CodeIgniter->runController(Object(App\Controllers\Empleados))
 3 SYSTEMPATH\CodeIgniter.php(368): CodeIgniter\CodeIgniter->handleRequest(null, Object(Config\Cache), false)
 4 FCPATH\index.php(67): CodeIgniter\CodeIgniter->run()
 5 SYSTEMPATH\Commands\Server\rewrite.php(47): require_once('C:\\wamp64\\www\\test_consulting\\public\\index.php')
CRITICAL - 2023-04-24 23:57:54 --> Too few arguments to function App\Controllers\Empleados::get_email(), 0 passed in C:\wamp64\www\test_consulting\system\CodeIgniter.php on line 934 and exactly 1 expected
in APPPATH\Controllers\Empleados.php on line 68.
 1 SYSTEMPATH\CodeIgniter.php(934): App\Controllers\Empleados->get_email()
 2 SYSTEMPATH\CodeIgniter.php(499): CodeIgniter\CodeIgniter->runController(Object(App\Controllers\Empleados))
 3 SYSTEMPATH\CodeIgniter.php(368): CodeIgniter\CodeIgniter->handleRequest(null, Object(Config\Cache), false)
 4 FCPATH\index.php(67): CodeIgniter\CodeIgniter->run()
 5 SYSTEMPATH\Commands\Server\rewrite.php(47): require_once('C:\\wamp64\\www\\test_consulting\\public\\index.php')
CRITICAL - 2023-04-24 23:57:56 --> Too few arguments to function App\Controllers\Empleados::get_email(), 0 passed in C:\wamp64\www\test_consulting\system\CodeIgniter.php on line 934 and exactly 1 expected
in APPPATH\Controllers\Empleados.php on line 68.
 1 SYSTEMPATH\CodeIgniter.php(934): App\Controllers\Empleados->get_email()
 2 SYSTEMPATH\CodeIgniter.php(499): CodeIgniter\CodeIgniter->runController(Object(App\Controllers\Empleados))
 3 SYSTEMPATH\CodeIgniter.php(368): CodeIgniter\CodeIgniter->handleRequest(null, Object(Config\Cache), false)
 4 FCPATH\index.php(67): CodeIgniter\CodeIgniter->run()
 5 SYSTEMPATH\Commands\Server\rewrite.php(47): require_once('C:\\wamp64\\www\\test_consulting\\public\\index.php')
